{"/home/travis/build/npmtest/node-npmtest-abbrev/test.js":{"path":"/home/travis/build/npmtest/node-npmtest-abbrev/test.js","s":{"1":2,"2":2,"3":2,"4":2,"5":2,"6":2,"7":2,"8":2,"9":2,"10":2,"11":2,"12":2,"13":2},"b":{"1":[2,1,1],"2":[2,1],"3":[1,1],"4":[2,1]},"f":{"1":2,"2":2,"3":2,"4":2},"fnMap":{"1":{"name":"(anonymous_1)","line":13,"loc":{"start":{"line":13,"column":1},"end":{"line":13,"column":13}}},"2":{"name":"(anonymous_2)","line":20,"loc":{"start":{"line":20,"column":5},"end":{"line":20,"column":17}}},"3":{"name":"(anonymous_3)","line":24,"loc":{"start":{"line":24,"column":9},"end":{"line":24,"column":21}}},"4":{"name":"(anonymous_4)","line":47,"loc":{"start":{"line":47,"column":5},"end":{"line":47,"column":17}}}},"statementMap":{"1":{"start":{"line":13,"column":0},"end":{"line":50,"column":5}},"2":{"start":{"line":15,"column":4},"end":{"line":15,"column":14}},"3":{"start":{"line":20,"column":4},"end":{"line":42,"column":9}},"4":{"start":{"line":22,"column":8},"end":{"line":22,"column":19}},"5":{"start":{"line":24,"column":8},"end":{"line":32,"column":13}},"6":{"start":{"line":25,"column":12},"end":{"line":30,"column":13}},"7":{"start":{"line":26,"column":16},"end":{"line":28,"column":27}},"8":{"start":{"line":31,"column":12},"end":{"line":31,"column":53}},"9":{"start":{"line":34,"column":8},"end":{"line":36,"column":21}},"10":{"start":{"line":38,"column":8},"end":{"line":39,"column":49}},"11":{"start":{"line":41,"column":8},"end":{"line":41,"column":33}},"12":{"start":{"line":47,"column":4},"end":{"line":49,"column":9}},"13":{"start":{"line":48,"column":8},"end":{"line":48,"column":15}}},"branchMap":{"1":{"line":26,"type":"binary-expr","locations":[{"start":{"line":26,"column":31},"end":{"line":26,"column":72}},{"start":{"line":27,"column":20},"end":{"line":27,"column":70}},{"start":{"line":28,"column":20},"end":{"line":28,"column":26}}]},"2":{"line":31,"type":"binary-expr","locations":[{"start":{"line":31,"column":27},"end":{"line":31,"column":39}},{"start":{"line":31,"column":43},"end":{"line":31,"column":52}}]},"3":{"line":34,"type":"cond-expr","locations":[{"start":{"line":35,"column":14},"end":{"line":35,"column":20}},{"start":{"line":36,"column":14},"end":{"line":36,"column":20}}]},"4":{"line":38,"type":"binary-expr","locations":[{"start":{"line":38,"column":38},"end":{"line":38,"column":59}},{"start":{"line":39,"column":12},"end":{"line":39,"column":31}}]}},"code":["/* istanbul instrument in package npmtest_abbrev */","/* jslint-utility2 */","/*jslint","    bitwise: true,","    browser: true,","    maxerr: 4,","    maxlen: 100,","    node: true,","    nomen: true,","    regexp: true,","    stupid: true","*/","(function () {","    'use strict';","    var local;","","","","    // run shared js-env code - init-before","    (function () {","        // init local","        local = {};","        // init modeJs","        (function () {","            try {","                local.modeJs = typeof process.versions.node === 'string' &&","                    typeof require('http').createServer === 'function' &&","                    'node';","            } catch (ignore) {","            }","            local.modeJs = local.modeJs || 'browser';","        }());","        // init global","        local.global = local.modeJs === 'browser'","            ? window","            : global;","        // re-init local","        local = local.global.local = (local.global.utility2 ||","            require('utility2')).requireReadme();","        // init test","        local.testRunInit(local);","    }());","","","","    // run shared js-env code - function","    (function () {","        return;","    }());","}());",""],"l":{"13":2,"15":2,"20":2,"22":2,"24":2,"25":2,"26":2,"31":2,"34":2,"38":2,"41":2,"47":2,"48":2}},"/home/travis/build/npmtest/node-npmtest-abbrev/lib.npmtest_abbrev.js":{"path":"/home/travis/build/npmtest/node-npmtest-abbrev/lib.npmtest_abbrev.js","s":{"1":2,"2":2,"3":2,"4":2,"5":2,"6":2,"7":2,"8":2,"9":2,"10":0,"11":0,"12":0,"13":0,"14":0,"15":0,"16":0,"17":2,"18":2,"19":2,"20":2,"21":2,"22":2,"23":2,"24":2,"25":0,"26":2,"27":1,"28":1,"29":1,"30":1,"31":1,"32":1,"33":1,"34":1,"35":1,"36":1,"37":1,"38":1,"39":1,"40":1,"41":1,"42":1,"43":1,"44":1,"45":1,"46":1,"47":1,"48":1,"49":1,"50":1,"51":1,"52":1,"53":1,"54":1,"55":1,"56":1,"57":1,"58":1,"59":1,"60":1,"61":1,"62":2,"63":2},"b":{"1":[2,1,1],"2":[2,0],"3":[2,1,1],"4":[2,1],"5":[1,1],"6":[2,2],"7":[1,1]},"f":{"1":2,"2":2,"3":2,"4":0,"5":2,"6":0},"fnMap":{"1":{"name":"(anonymous_1)","line":13,"loc":{"start":{"line":13,"column":1},"end":{"line":13,"column":13}}},"2":{"name":"(anonymous_2)","line":21,"loc":{"start":{"line":21,"column":5},"end":{"line":21,"column":17}},"skip":true},"3":{"name":"(anonymous_3)","line":23,"loc":{"start":{"line":23,"column":9},"end":{"line":23,"column":21}},"skip":true},"4":{"name":"(anonymous_4)","line":31,"loc":{"start":{"line":31,"column":27},"end":{"line":31,"column":43}},"skip":true},"5":{"name":"(anonymous_5)","line":47,"loc":{"start":{"line":47,"column":9},"end":{"line":47,"column":21}},"skip":true},"6":{"name":"(anonymous_6)","line":65,"loc":{"start":{"line":65,"column":20},"end":{"line":65,"column":32}},"skip":true}},"statementMap":{"1":{"start":{"line":13,"column":0},"end":{"line":120,"column":5}},"2":{"start":{"line":15,"column":4},"end":{"line":15,"column":14}},"3":{"start":{"line":21,"column":4},"end":{"line":119,"column":9},"skip":true},"4":{"start":{"line":23,"column":8},"end":{"line":43,"column":13},"skip":true},"5":{"start":{"line":24,"column":12},"end":{"line":24,"column":43},"skip":true},"6":{"start":{"line":25,"column":12},"end":{"line":25,"column":71},"skip":true},"7":{"start":{"line":26,"column":12},"end":{"line":26,"column":52},"skip":true},"8":{"start":{"line":27,"column":12},"end":{"line":29,"column":13},"skip":true},"9":{"start":{"line":28,"column":16},"end":{"line":28,"column":23},"skip":true},"10":{"start":{"line":30,"column":12},"end":{"line":30,"column":41},"skip":true},"11":{"start":{"line":31,"column":12},"end":{"line":42,"column":14},"skip":true},"12":{"start":{"line":36,"column":16},"end":{"line":36,"column":61},"skip":true},"13":{"start":{"line":37,"column":16},"end":{"line":37,"column":43},"skip":true},"14":{"start":{"line":38,"column":16},"end":{"line":38,"column":55},"skip":true},"15":{"start":{"line":39,"column":16},"end":{"line":39,"column":35},"skip":true},"16":{"start":{"line":41,"column":16},"end":{"line":41,"column":28},"skip":true},"17":{"start":{"line":45,"column":8},"end":{"line":45,"column":19},"skip":true},"18":{"start":{"line":47,"column":8},"end":{"line":55,"column":13},"skip":true},"19":{"start":{"line":48,"column":12},"end":{"line":53,"column":13},"skip":true},"20":{"start":{"line":49,"column":16},"end":{"line":51,"column":27},"skip":true},"21":{"start":{"line":54,"column":12},"end":{"line":54,"column":53},"skip":true},"22":{"start":{"line":57,"column":8},"end":{"line":59,"column":21},"skip":true},"23":{"start":{"line":61,"column":8},"end":{"line":63,"column":18},"skip":true},"24":{"start":{"line":65,"column":8},"end":{"line":70,"column":10},"skip":true},"25":{"start":{"line":69,"column":12},"end":{"line":69,"column":19},"skip":true},"26":{"start":{"line":72,"column":8},"end":{"line":111,"column":9},"skip":true},"27":{"start":{"line":73,"column":12},"end":{"line":73,"column":57},"skip":true},"28":{"start":{"line":77,"column":12},"end":{"line":77,"column":45},"skip":true},"29":{"start":{"line":78,"column":12},"end":{"line":78,"column":59},"skip":true},"30":{"start":{"line":79,"column":12},"end":{"line":79,"column":47},"skip":true},"31":{"start":{"line":80,"column":12},"end":{"line":80,"column":47},"skip":true},"32":{"start":{"line":81,"column":12},"end":{"line":81,"column":51},"skip":true},"33":{"start":{"line":82,"column":12},"end":{"line":82,"column":45},"skip":true},"34":{"start":{"line":83,"column":12},"end":{"line":83,"column":43},"skip":true},"35":{"start":{"line":84,"column":12},"end":{"line":84,"column":39},"skip":true},"36":{"start":{"line":85,"column":12},"end":{"line":85,"column":45},"skip":true},"37":{"start":{"line":86,"column":12},"end":{"line":86,"column":45},"skip":true},"38":{"start":{"line":87,"column":12},"end":{"line":87,"column":37},"skip":true},"39":{"start":{"line":88,"column":12},"end":{"line":88,"column":41},"skip":true},"40":{"start":{"line":89,"column":12},"end":{"line":89,"column":43},"skip":true},"41":{"start":{"line":90,"column":12},"end":{"line":90,"column":45},"skip":true},"42":{"start":{"line":91,"column":12},"end":{"line":91,"column":39},"skip":true},"43":{"start":{"line":92,"column":12},"end":{"line":92,"column":37},"skip":true},"44":{"start":{"line":93,"column":12},"end":{"line":93,"column":41},"skip":true},"45":{"start":{"line":94,"column":12},"end":{"line":94,"column":47},"skip":true},"46":{"start":{"line":95,"column":12},"end":{"line":95,"column":49},"skip":true},"47":{"start":{"line":96,"column":12},"end":{"line":96,"column":55},"skip":true},"48":{"start":{"line":97,"column":12},"end":{"line":97,"column":49},"skip":true},"49":{"start":{"line":98,"column":12},"end":{"line":98,"column":41},"skip":true},"50":{"start":{"line":99,"column":12},"end":{"line":99,"column":45},"skip":true},"51":{"start":{"line":100,"column":12},"end":{"line":100,"column":61},"skip":true},"52":{"start":{"line":101,"column":12},"end":{"line":101,"column":45},"skip":true},"53":{"start":{"line":102,"column":12},"end":{"line":102,"column":39},"skip":true},"54":{"start":{"line":103,"column":12},"end":{"line":103,"column":39},"skip":true},"55":{"start":{"line":104,"column":12},"end":{"line":104,"column":39},"skip":true},"56":{"start":{"line":105,"column":12},"end":{"line":105,"column":41},"skip":true},"57":{"start":{"line":106,"column":12},"end":{"line":106,"column":37},"skip":true},"58":{"start":{"line":107,"column":12},"end":{"line":107,"column":37},"skip":true},"59":{"start":{"line":108,"column":12},"end":{"line":108,"column":41},"skip":true},"60":{"start":{"line":109,"column":12},"end":{"line":109,"column":35},"skip":true},"61":{"start":{"line":110,"column":12},"end":{"line":110,"column":49},"skip":true},"62":{"start":{"line":113,"column":8},"end":{"line":113,"column":51},"skip":true},"63":{"start":{"line":118,"column":8},"end":{"line":118,"column":15},"skip":true}},"branchMap":{"1":{"line":25,"type":"binary-expr","locations":[{"start":{"line":25,"column":23},"end":{"line":25,"column":49},"skip":true},{"start":{"line":25,"column":53},"end":{"line":25,"column":59},"skip":true},{"start":{"line":25,"column":64},"end":{"line":25,"column":70},"skip":true}]},"2":{"line":27,"type":"if","locations":[{"start":{"line":27,"column":12},"end":{"line":27,"column":12},"skip":true},{"start":{"line":27,"column":12},"end":{"line":27,"column":12},"skip":true}]},"3":{"line":49,"type":"binary-expr","locations":[{"start":{"line":49,"column":31},"end":{"line":49,"column":72},"skip":true},{"start":{"line":50,"column":20},"end":{"line":50,"column":70},"skip":true},{"start":{"line":51,"column":20},"end":{"line":51,"column":26},"skip":true}]},"4":{"line":54,"type":"binary-expr","locations":[{"start":{"line":54,"column":27},"end":{"line":54,"column":39},"skip":true},{"start":{"line":54,"column":43},"end":{"line":54,"column":52},"skip":true}]},"5":{"line":57,"type":"cond-expr","locations":[{"start":{"line":58,"column":14},"end":{"line":58,"column":20},"skip":true},{"start":{"line":59,"column":14},"end":{"line":59,"column":20},"skip":true}]},"6":{"line":61,"type":"binary-expr","locations":[{"start":{"line":61,"column":16},"end":{"line":61,"column":44},"skip":true},{"start":{"line":63,"column":12},"end":{"line":63,"column":17},"skip":true}]},"7":{"line":72,"type":"if","locations":[{"start":{"line":72,"column":8},"end":{"line":72,"column":8},"skip":true},{"start":{"line":72,"column":8},"end":{"line":72,"column":8},"skip":true}]}},"code":["/* istanbul instrument in package npmtest_abbrev */","/* jslint-utility2 */","/*jslint","    bitwise: true,","    browser: true,","    maxerr: 4,","    maxlen: 100,","    node: true,","    nomen: true,","    regexp: true,","    stupid: true","*/","(function () {","    'use strict';","    var local;","","","","    // run shared js-env code - init-before","    /* istanbul ignore next */","    (function () {","        // init debug_inline","        (function () {","            var consoleError, context, key;","            context = (typeof window === \"object\" && window) || global;","            key = \"debug_inline\".replace(\"_i\", \"I\");","            if (context[key]) {","                return;","            }","            consoleError = console.error;","            context[key] = function (arg0) {","            /*","             * this function will both print arg0 to stderr and return it","             */","                // debug arguments","                context[\"_\" + key + \"Arguments\"] = arguments;","                consoleError(\"\\n\\n\" + key);","                consoleError.apply(console, arguments);","                consoleError(\"\\n\");","                // return arg0 for inspection","                return arg0;","            };","        }());","        // init local","        local = {};","        // init modeJs","        (function () {","            try {","                local.modeJs = typeof process.versions.node === 'string' &&","                    typeof require('http').createServer === 'function' &&","                    'node';","            } catch (ignore) {","            }","            local.modeJs = local.modeJs || 'browser';","        }());","        // init global","        local.global = local.modeJs === 'browser'","            ? window","            : global;","        // re-init local","        local = local.global.utility2_rollup ||","            // local.global.utility2_rollup_old || require('./assets.utility2.rollup.js') ||","            local;","        // init nop","        local.nop = function () {","        /*","         * this function will do nothing","         */","            return;","        };","        // init exports","        if (local.modeJs === 'browser') {","            local.global.utility2_npmtest_abbrev = local;","        } else {","            // require builtins","            // local.assert = require('assert');","            local.buffer = require('buffer');","            local.child_process = require('child_process');","            local.cluster = require('cluster');","            local.console = require('console');","            local.constants = require('constants');","            local.crypto = require('crypto');","            local.dgram = require('dgram');","            local.dns = require('dns');","            local.domain = require('domain');","            local.events = require('events');","            local.fs = require('fs');","            local.http = require('http');","            local.https = require('https');","            local.module = require('module');","            local.net = require('net');","            local.os = require('os');","            local.path = require('path');","            local.process = require('process');","            local.punycode = require('punycode');","            local.querystring = require('querystring');","            local.readline = require('readline');","            local.repl = require('repl');","            local.stream = require('stream');","            local.string_decoder = require('string_decoder');","            local.timers = require('timers');","            local.tls = require('tls');","            local.tty = require('tty');","            local.url = require('url');","            local.util = require('util');","            local.v8 = require('v8');","            local.vm = require('vm');","            local.zlib = require('zlib');","            module.exports = local;","            module.exports.__dirname = __dirname;","        }","        // init lib main","        local.local = local.npmtest_abbrev = local;","","","","        /* validateLineSortedReset */","        return;","    }());","}());",""],"l":{"13":2,"15":2,"21":2,"23":2,"24":2,"25":2,"26":2,"27":2,"28":2,"30":1,"31":1,"36":1,"37":1,"38":1,"39":1,"41":1,"45":2,"47":2,"48":2,"49":2,"54":2,"57":2,"61":2,"65":2,"69":1,"72":2,"73":1,"77":1,"78":1,"79":1,"80":1,"81":1,"82":1,"83":1,"84":1,"85":1,"86":1,"87":1,"88":1,"89":1,"90":1,"91":1,"92":1,"93":1,"94":1,"95":1,"96":1,"97":1,"98":1,"99":1,"100":1,"101":1,"102":1,"103":1,"104":1,"105":1,"106":1,"107":1,"108":1,"109":1,"110":1,"113":2,"118":2}},"/home/travis/build/npmtest/node-npmtest-abbrev/example.js":{"path":"/home/travis/build/npmtest/node-npmtest-abbrev/example.js","s":{"1":2,"2":2,"3":2,"4":2,"5":2,"6":2,"7":2,"8":2,"9":2,"10":2,"11":2,"12":2,"13":1,"14":2,"15":2,"16":2,"17":2,"18":2,"19":0,"20":2,"21":1,"22":1,"23":1,"24":1,"25":1,"26":0,"27":0,"28":1,"29":1,"30":2,"31":0,"32":0,"33":0,"34":1,"35":2,"36":2,"37":20,"38":20,"39":20,"40":20,"41":0,"42":20,"43":20,"44":20,"45":1,"46":3,"47":1,"48":1,"49":1,"50":1,"51":1,"52":1,"53":1,"54":1,"55":1,"56":1,"57":1,"58":1,"59":1,"60":1,"61":1,"62":1,"63":1,"64":1,"65":1,"66":1,"67":1,"68":1,"69":1,"70":1,"71":1,"72":1,"73":1,"74":1,"75":1,"76":1,"77":1,"78":1,"79":1,"80":1,"81":1,"82":1,"83":1,"84":1,"85":3,"86":3,"87":3,"88":0,"89":1,"90":1,"91":1,"92":6,"93":1,"94":2,"95":0,"96":2,"97":1,"98":1,"99":1,"100":0,"101":0,"102":0,"103":0,"104":0,"105":0,"106":0,"107":0,"108":0,"109":0,"110":0,"111":0,"112":0,"113":0,"114":0,"115":0},"b":{"1":[2,1,1],"2":[2,1],"3":[1,1],"4":[2,2],"5":[1,1],"6":[1,1],"7":[2,0],"8":[2,1,1,1,1,1],"9":[0,2,0],"10":[1,1],"11":[2,1,1],"12":[1,0],"13":[0,2],"14":[2,0,0,0,0,0,0],"15":[0,20],"16":[20,0],"17":[1,1],"18":[3,3],"19":[0,3],"20":[1,1],"21":[1,2,0,2,1],"22":[1,0],"23":[1,0],"24":[0,0],"25":[0,0],"26":[0,0],"27":[0,0],"28":[0,0],"29":[0,0]},"f":{"1":2,"2":2,"3":2,"4":2,"5":2,"6":2,"7":20,"8":20,"9":3,"10":1,"11":3,"12":6,"13":0},"fnMap":{"1":{"name":"(anonymous_1)","line":28,"loc":{"start":{"line":28,"column":1},"end":{"line":28,"column":13}}},"2":{"name":"(anonymous_2)","line":35,"loc":{"start":{"line":35,"column":5},"end":{"line":35,"column":17}}},"3":{"name":"(anonymous_3)","line":39,"loc":{"start":{"line":39,"column":9},"end":{"line":39,"column":21}}},"4":{"name":"(anonymous_4)","line":66,"loc":{"start":{"line":66,"column":31},"end":{"line":66,"column":48}},"skip":true},"5":{"name":"(anonymous_5)","line":75,"loc":{"start":{"line":75,"column":26},"end":{"line":75,"column":45}},"skip":true},"6":{"name":"(anonymous_6)","line":119,"loc":{"start":{"line":119,"column":33},"end":{"line":119,"column":48}},"skip":true},"7":{"name":"(anonymous_7)","line":121,"loc":{"start":{"line":121,"column":27},"end":{"line":121,"column":39}},"skip":true},"8":{"name":"(anonymous_8)","line":129,"loc":{"start":{"line":129,"column":59},"end":{"line":129,"column":74}},"skip":true},"9":{"name":"(anonymous_9)","line":139,"loc":{"start":{"line":139,"column":45},"end":{"line":139,"column":62}},"skip":true},"10":{"name":"(anonymous_10)","line":140,"loc":{"start":{"line":140,"column":73},"end":{"line":140,"column":92}},"skip":true},"11":{"name":"(anonymous_11)","line":196,"loc":{"start":{"line":196,"column":18},"end":{"line":196,"column":34}},"skip":true},"12":{"name":"(anonymous_12)","line":469,"loc":{"start":{"line":469,"column":47},"end":{"line":469,"column":73}},"skip":true},"13":{"name":"(anonymous_13)","line":502,"loc":{"start":{"line":502,"column":32},"end":{"line":502,"column":61}},"skip":true}},"statementMap":{"1":{"start":{"line":28,"column":0},"end":{"line":513,"column":5}},"2":{"start":{"line":30,"column":4},"end":{"line":30,"column":14}},"3":{"start":{"line":35,"column":4},"end":{"line":58,"column":9}},"4":{"start":{"line":37,"column":8},"end":{"line":37,"column":19}},"5":{"start":{"line":39,"column":8},"end":{"line":47,"column":13}},"6":{"start":{"line":40,"column":12},"end":{"line":45,"column":13}},"7":{"start":{"line":41,"column":16},"end":{"line":43,"column":27}},"8":{"start":{"line":46,"column":12},"end":{"line":46,"column":53}},"9":{"start":{"line":49,"column":8},"end":{"line":51,"column":21}},"10":{"start":{"line":53,"column":8},"end":{"line":55,"column":45}},"11":{"start":{"line":57,"column":8},"end":{"line":57,"column":35}},"12":{"start":{"line":59,"column":4},"end":{"line":512,"column":5}},"13":{"start":{"line":66,"column":8},"end":{"line":117,"column":10},"skip":true},"14":{"start":{"line":67,"column":12},"end":{"line":85,"column":13},"skip":true},"15":{"start":{"line":73,"column":16},"end":{"line":84,"column":19},"skip":true},"16":{"start":{"line":76,"column":20},"end":{"line":83,"column":21},"skip":true},"17":{"start":{"line":79,"column":24},"end":{"line":79,"column":43},"skip":true},"18":{"start":{"line":80,"column":24},"end":{"line":80,"column":30},"skip":true},"19":{"start":{"line":82,"column":24},"end":{"line":82,"column":49},"skip":true},"20":{"start":{"line":86,"column":12},"end":{"line":103,"column":13},"skip":true},"21":{"start":{"line":89,"column":16},"end":{"line":98,"column":17},"skip":true},"22":{"start":{"line":90,"column":20},"end":{"line":90,"column":88},"skip":true},"23":{"start":{"line":91,"column":20},"end":{"line":91,"column":97},"skip":true},"24":{"start":{"line":92,"column":20},"end":{"line":92,"column":42},"skip":true},"25":{"start":{"line":93,"column":20},"end":{"line":93,"column":48},"skip":true},"26":{"start":{"line":96,"column":20},"end":{"line":96,"column":86},"skip":true},"27":{"start":{"line":97,"column":20},"end":{"line":97,"column":96},"skip":true},"28":{"start":{"line":99,"column":16},"end":{"line":99,"column":22},"skip":true},"29":{"start":{"line":102,"column":16},"end":{"line":102,"column":22},"skip":true},"30":{"start":{"line":104,"column":12},"end":{"line":116,"column":13},"skip":true},"31":{"start":{"line":110,"column":16},"end":{"line":115,"column":17},"skip":true},"32":{"start":{"line":112,"column":20},"end":{"line":112,"column":78},"skip":true},"33":{"start":{"line":114,"column":20},"end":{"line":114,"column":47},"skip":true},"34":{"start":{"line":119,"column":8},"end":{"line":137,"column":11},"skip":true},"35":{"start":{"line":120,"column":12},"end":{"line":120,"column":54},"skip":true},"36":{"start":{"line":121,"column":12},"end":{"line":136,"column":14},"skip":true},"37":{"start":{"line":122,"column":16},"end":{"line":122,"column":28},"skip":true},"38":{"start":{"line":123,"column":16},"end":{"line":123,"column":69},"skip":true},"39":{"start":{"line":124,"column":16},"end":{"line":124,"column":75},"skip":true},"40":{"start":{"line":125,"column":16},"end":{"line":127,"column":17},"skip":true},"41":{"start":{"line":126,"column":20},"end":{"line":126,"column":27},"skip":true},"42":{"start":{"line":129,"column":16},"end":{"line":133,"column":36},"skip":true},"43":{"start":{"line":130,"column":20},"end":{"line":132,"column":55},"skip":true},"44":{"start":{"line":135,"column":16},"end":{"line":135,"column":57},"skip":true},"45":{"start":{"line":139,"column":8},"end":{"line":143,"column":11},"skip":true},"46":{"start":{"line":140,"column":12},"end":{"line":142,"column":15},"skip":true},"47":{"start":{"line":141,"column":16},"end":{"line":141,"column":70},"skip":true},"48":{"start":{"line":145,"column":8},"end":{"line":145,"column":31},"skip":true},"49":{"start":{"line":146,"column":8},"end":{"line":146,"column":14},"skip":true},"50":{"start":{"line":154,"column":8},"end":{"line":154,"column":31},"skip":true},"51":{"start":{"line":157,"column":8},"end":{"line":157,"column":41},"skip":true},"52":{"start":{"line":158,"column":8},"end":{"line":158,"column":55},"skip":true},"53":{"start":{"line":159,"column":8},"end":{"line":159,"column":43},"skip":true},"54":{"start":{"line":160,"column":8},"end":{"line":160,"column":43},"skip":true},"55":{"start":{"line":161,"column":8},"end":{"line":161,"column":47},"skip":true},"56":{"start":{"line":162,"column":8},"end":{"line":162,"column":41},"skip":true},"57":{"start":{"line":163,"column":8},"end":{"line":163,"column":39},"skip":true},"58":{"start":{"line":164,"column":8},"end":{"line":164,"column":35},"skip":true},"59":{"start":{"line":165,"column":8},"end":{"line":165,"column":41},"skip":true},"60":{"start":{"line":166,"column":8},"end":{"line":166,"column":41},"skip":true},"61":{"start":{"line":167,"column":8},"end":{"line":167,"column":33},"skip":true},"62":{"start":{"line":168,"column":8},"end":{"line":168,"column":37},"skip":true},"63":{"start":{"line":169,"column":8},"end":{"line":169,"column":39},"skip":true},"64":{"start":{"line":170,"column":8},"end":{"line":170,"column":41},"skip":true},"65":{"start":{"line":171,"column":8},"end":{"line":171,"column":35},"skip":true},"66":{"start":{"line":172,"column":8},"end":{"line":172,"column":33},"skip":true},"67":{"start":{"line":173,"column":8},"end":{"line":173,"column":37},"skip":true},"68":{"start":{"line":174,"column":8},"end":{"line":174,"column":43},"skip":true},"69":{"start":{"line":175,"column":8},"end":{"line":175,"column":45},"skip":true},"70":{"start":{"line":176,"column":8},"end":{"line":176,"column":51},"skip":true},"71":{"start":{"line":177,"column":8},"end":{"line":177,"column":45},"skip":true},"72":{"start":{"line":178,"column":8},"end":{"line":178,"column":37},"skip":true},"73":{"start":{"line":179,"column":8},"end":{"line":179,"column":41},"skip":true},"74":{"start":{"line":180,"column":8},"end":{"line":180,"column":57},"skip":true},"75":{"start":{"line":181,"column":8},"end":{"line":181,"column":41},"skip":true},"76":{"start":{"line":182,"column":8},"end":{"line":182,"column":35},"skip":true},"77":{"start":{"line":183,"column":8},"end":{"line":183,"column":35},"skip":true},"78":{"start":{"line":184,"column":8},"end":{"line":184,"column":35},"skip":true},"79":{"start":{"line":185,"column":8},"end":{"line":185,"column":37},"skip":true},"80":{"start":{"line":186,"column":8},"end":{"line":186,"column":33},"skip":true},"81":{"start":{"line":187,"column":8},"end":{"line":187,"column":33},"skip":true},"82":{"start":{"line":188,"column":8},"end":{"line":188,"column":37},"skip":true},"83":{"start":{"line":191,"column":8},"end":{"line":191,"column":50},"skip":true},"84":{"start":{"line":192,"column":8},"end":{"line":205,"column":11},"skip":true},"85":{"start":{"line":197,"column":12},"end":{"line":197,"column":30},"skip":true},"86":{"start":{"line":198,"column":12},"end":{"line":198,"column":66},"skip":true},"87":{"start":{"line":199,"column":12},"end":{"line":204,"column":13},"skip":true},"88":{"start":{"line":200,"column":16},"end":{"line":203,"column":18},"skip":true},"89":{"start":{"line":207,"column":8},"end":{"line":455,"column":2},"skip":true},"90":{"start":{"line":460,"column":8},"end":{"line":463,"column":36},"skip":true},"91":{"start":{"line":466,"column":8},"end":{"line":482,"column":15},"skip":true},"92":{"start":{"line":470,"column":16},"end":{"line":481,"column":17},"skip":true},"93":{"start":{"line":472,"column":20},"end":{"line":472,"column":60},"skip":true},"94":{"start":{"line":474,"column":20},"end":{"line":474,"column":44},"skip":true},"95":{"start":{"line":476,"column":20},"end":{"line":476,"column":44},"skip":true},"96":{"start":{"line":478,"column":20},"end":{"line":478,"column":35},"skip":true},"97":{"start":{"line":480,"column":20},"end":{"line":480,"column":34},"skip":true},"98":{"start":{"line":484,"column":8},"end":{"line":486,"column":9},"skip":true},"99":{"start":{"line":485,"column":12},"end":{"line":485,"column":18},"skip":true},"100":{"start":{"line":487,"column":8},"end":{"line":489,"column":54},"skip":true},"101":{"start":{"line":490,"column":8},"end":{"line":490,"column":82},"skip":true},"102":{"start":{"line":493,"column":8},"end":{"line":495,"column":9},"skip":true},"103":{"start":{"line":494,"column":12},"end":{"line":494,"column":82},"skip":true},"104":{"start":{"line":497,"column":8},"end":{"line":499,"column":9},"skip":true},"105":{"start":{"line":498,"column":12},"end":{"line":498,"column":18},"skip":true},"106":{"start":{"line":500,"column":8},"end":{"line":500,"column":54},"skip":true},"107":{"start":{"line":501,"column":8},"end":{"line":501,"column":69},"skip":true},"108":{"start":{"line":502,"column":8},"end":{"line":510,"column":36},"skip":true},"109":{"start":{"line":503,"column":12},"end":{"line":503,"column":61},"skip":true},"110":{"start":{"line":504,"column":12},"end":{"line":507,"column":13},"skip":true},"111":{"start":{"line":505,"column":16},"end":{"line":505,"column":75},"skip":true},"112":{"start":{"line":506,"column":16},"end":{"line":506,"column":23},"skip":true},"113":{"start":{"line":508,"column":12},"end":{"line":508,"column":38},"skip":true},"114":{"start":{"line":509,"column":12},"end":{"line":509,"column":27},"skip":true},"115":{"start":{"line":511,"column":8},"end":{"line":511,"column":14},"skip":true}},"branchMap":{"1":{"line":41,"type":"binary-expr","locations":[{"start":{"line":41,"column":31},"end":{"line":41,"column":72}},{"start":{"line":42,"column":20},"end":{"line":42,"column":70}},{"start":{"line":43,"column":20},"end":{"line":43,"column":26}}]},"2":{"line":46,"type":"binary-expr","locations":[{"start":{"line":46,"column":27},"end":{"line":46,"column":39}},{"start":{"line":46,"column":43},"end":{"line":46,"column":52}}]},"3":{"line":49,"type":"cond-expr","locations":[{"start":{"line":50,"column":14},"end":{"line":50,"column":20}},{"start":{"line":51,"column":14},"end":{"line":51,"column":20}}]},"4":{"line":53,"type":"binary-expr","locations":[{"start":{"line":53,"column":16},"end":{"line":53,"column":44}},{"start":{"line":53,"column":49},"end":{"line":55,"column":43}}]},"5":{"line":53,"type":"cond-expr","locations":[{"start":{"line":54,"column":14},"end":{"line":54,"column":50}},{"start":{"line":55,"column":14},"end":{"line":55,"column":43}}]},"6":{"line":59,"type":"switch","locations":[{"start":{"line":65,"column":4},"end":{"line":146,"column":14},"skip":true},{"start":{"line":152,"column":4},"end":{"line":511,"column":14},"skip":true}]},"7":{"line":67,"type":"if","locations":[{"start":{"line":67,"column":12},"end":{"line":67,"column":12},"skip":true},{"start":{"line":67,"column":12},"end":{"line":67,"column":12},"skip":true}]},"8":{"line":67,"type":"binary-expr","locations":[{"start":{"line":67,"column":16},"end":{"line":67,"column":22},"skip":true},{"start":{"line":67,"column":27},"end":{"line":67,"column":32},"skip":true},{"start":{"line":68,"column":20},"end":{"line":68,"column":39},"skip":true},{"start":{"line":69,"column":20},"end":{"line":69,"column":49},"skip":true},{"start":{"line":70,"column":20},"end":{"line":70,"column":58},"skip":true},{"start":{"line":71,"column":20},"end":{"line":71,"column":69},"skip":true}]},"9":{"line":76,"type":"switch","locations":[{"start":{"line":77,"column":20},"end":{"line":77,"column":33},"skip":true},{"start":{"line":78,"column":20},"end":{"line":80,"column":30},"skip":true},{"start":{"line":81,"column":20},"end":{"line":82,"column":49},"skip":true}]},"10":{"line":86,"type":"switch","locations":[{"start":{"line":87,"column":12},"end":{"line":99,"column":22},"skip":true},{"start":{"line":101,"column":12},"end":{"line":102,"column":22},"skip":true}]},"11":{"line":86,"type":"binary-expr","locations":[{"start":{"line":86,"column":20},"end":{"line":86,"column":25},"skip":true},{"start":{"line":86,"column":29},"end":{"line":86,"column":48},"skip":true},{"start":{"line":86,"column":52},"end":{"line":86,"column":74},"skip":true}]},"12":{"line":89,"type":"if","locations":[{"start":{"line":89,"column":16},"end":{"line":89,"column":16},"skip":true},{"start":{"line":89,"column":16},"end":{"line":89,"column":16},"skip":true}]},"13":{"line":104,"type":"if","locations":[{"start":{"line":104,"column":12},"end":{"line":104,"column":12},"skip":true},{"start":{"line":104,"column":12},"end":{"line":104,"column":12},"skip":true}]},"14":{"line":104,"type":"binary-expr","locations":[{"start":{"line":104,"column":16},"end":{"line":104,"column":61},"skip":true},{"start":{"line":104,"column":66},"end":{"line":104,"column":72},"skip":true},{"start":{"line":104,"column":77},"end":{"line":104,"column":82},"skip":true},{"start":{"line":105,"column":20},"end":{"line":105,"column":39},"skip":true},{"start":{"line":106,"column":20},"end":{"line":106,"column":49},"skip":true},{"start":{"line":107,"column":20},"end":{"line":107,"column":58},"skip":true},{"start":{"line":108,"column":20},"end":{"line":108,"column":68},"skip":true}]},"15":{"line":125,"type":"if","locations":[{"start":{"line":125,"column":16},"end":{"line":125,"column":16},"skip":true},{"start":{"line":125,"column":16},"end":{"line":125,"column":16},"skip":true}]},"16":{"line":130,"type":"cond-expr","locations":[{"start":{"line":131,"column":26},"end":{"line":131,"column":29},"skip":true},{"start":{"line":132,"column":26},"end":{"line":132,"column":54},"skip":true}]},"17":{"line":191,"type":"binary-expr","locations":[{"start":{"line":191,"column":27},"end":{"line":191,"column":43},"skip":true},{"start":{"line":191,"column":47},"end":{"line":191,"column":49},"skip":true}]},"18":{"line":198,"type":"binary-expr","locations":[{"start":{"line":198,"column":37},"end":{"line":198,"column":59},"skip":true},{"start":{"line":198,"column":63},"end":{"line":198,"column":65},"skip":true}]},"19":{"line":199,"type":"if","locations":[{"start":{"line":199,"column":12},"end":{"line":199,"column":12},"skip":true},{"start":{"line":199,"column":12},"end":{"line":199,"column":12},"skip":true}]},"20":{"line":461,"type":"binary-expr","locations":[{"start":{"line":461,"column":12},"end":{"line":461,"column":57},"skip":true},{"start":{"line":462,"column":12},"end":{"line":463,"column":35},"skip":true}]},"21":{"line":470,"type":"switch","locations":[{"start":{"line":471,"column":16},"end":{"line":472,"column":60},"skip":true},{"start":{"line":473,"column":16},"end":{"line":474,"column":44},"skip":true},{"start":{"line":475,"column":16},"end":{"line":476,"column":44},"skip":true},{"start":{"line":477,"column":16},"end":{"line":478,"column":35},"skip":true},{"start":{"line":479,"column":16},"end":{"line":480,"column":34},"skip":true}]},"22":{"line":484,"type":"if","locations":[{"start":{"line":484,"column":8},"end":{"line":484,"column":8},"skip":true},{"start":{"line":484,"column":8},"end":{"line":484,"column":8},"skip":true}]},"23":{"line":484,"type":"binary-expr","locations":[{"start":{"line":484,"column":12},"end":{"line":484,"column":35},"skip":true},{"start":{"line":484,"column":39},"end":{"line":484,"column":67},"skip":true}]},"24":{"line":488,"type":"binary-expr","locations":[{"start":{"line":488,"column":12},"end":{"line":488,"column":50},"skip":true},{"start":{"line":489,"column":12},"end":{"line":489,"column":53},"skip":true}]},"25":{"line":490,"type":"binary-expr","locations":[{"start":{"line":490,"column":43},"end":{"line":490,"column":75},"skip":true},{"start":{"line":490,"column":79},"end":{"line":490,"column":81},"skip":true}]},"26":{"line":493,"type":"if","locations":[{"start":{"line":493,"column":8},"end":{"line":493,"column":8},"skip":true},{"start":{"line":493,"column":8},"end":{"line":493,"column":8},"skip":true}]},"27":{"line":497,"type":"if","locations":[{"start":{"line":497,"column":8},"end":{"line":497,"column":8},"skip":true},{"start":{"line":497,"column":8},"end":{"line":497,"column":8},"skip":true}]},"28":{"line":500,"type":"binary-expr","locations":[{"start":{"line":500,"column":27},"end":{"line":500,"column":43},"skip":true},{"start":{"line":500,"column":47},"end":{"line":500,"column":53},"skip":true}]},"29":{"line":504,"type":"if","locations":[{"start":{"line":504,"column":12},"end":{"line":504,"column":12},"skip":true},{"start":{"line":504,"column":12},"end":{"line":504,"column":12},"skip":true}]}},"code":["/*","example.js","","this script will run a web-demo of npmtest-abbrev","","instruction","    1. save this script as example.js","    2. run the shell command:","        $ npm install npmtest-abbrev && PORT=8081 node example.js","    3. open a browser to http://127.0.0.1:8081 and play with the web-demo","    4. edit this script to suit your needs","*/","","","","/* istanbul instrument in package npmtest_abbrev */","/* jslint-utility2 */","/*jslint","    bitwise: true,","    browser: true,","    maxerr: 4,","    maxlen: 100,","    node: true,","    nomen: true,","    regexp: true,","    stupid: true","*/","(function () {","    'use strict';","    var local;","","","","    // run shared js-env code - init-before","    (function () {","        // init local","        local = {};","        // init modeJs","        (function () {","            try {","                local.modeJs = typeof process.versions.node === 'string' &&","                    typeof require('http').createServer === 'function' &&","                    'node';","            } catch (ignore) {","            }","            local.modeJs = local.modeJs || 'browser';","        }());","        // init global","        local.global = local.modeJs === 'browser'","            ? window","            : global;","        // re-init local","        local = local.global.utility2_rollup || (local.modeJs === 'browser'","            ? local.global.utility2_npmtest_abbrev","            : global.utility2_moduleExports);","        // init exports","        local.global.local = local;","    }());","    switch (local.modeJs) {","","","","    // run browser js-env code - init-test","    /* istanbul ignore next */","    case 'browser':","        local.testRunBrowser = function (event) {","            if (!event || (event &&","                    event.currentTarget &&","                    event.currentTarget.className &&","                    event.currentTarget.className.includes &&","                    event.currentTarget.className.includes('onreset'))) {","                // reset output","                Array.from(","                    document.querySelectorAll('body > .resettable')","                ).forEach(function (element) {","                    switch (element.tagName) {","                    case 'INPUT':","                    case 'TEXTAREA':","                        element.value = '';","                        break;","                    default:","                        element.textContent = '';","                    }","                });","            }","            switch (event && event.currentTarget && event.currentTarget.id) {","            case 'testRunButton1':","                // show tests","                if (document.querySelector('#testReportDiv1').style.maxHeight === '0px') {","                    local.uiAnimateSlideDown(document.querySelector('#testReportDiv1'));","                    document.querySelector('#testRunButton1').textContent = 'hide internal test';","                    local.modeTest = true;","                    local.testRunDefault(local);","                // hide tests","                } else {","                    local.uiAnimateSlideUp(document.querySelector('#testReportDiv1'));","                    document.querySelector('#testRunButton1').textContent = 'run internal test';","                }","                break;","            // custom-case","            default:","                break;","            }","            if (document.querySelector('#inputTextareaEval1') && (!event || (event &&","                    event.currentTarget &&","                    event.currentTarget.className &&","                    event.currentTarget.className.includes &&","                    event.currentTarget.className.includes('oneval')))) {","                // try to eval input-code","                try {","                    /*jslint evil: true*/","                    eval(document.querySelector('#inputTextareaEval1').value);","                } catch (errorCaught) {","                    console.error(errorCaught);","                }","            }","        };","        // log stderr and stdout to #outputTextareaStdout1","        ['error', 'log'].forEach(function (key) {","            console[key + '_original'] = console[key];","            console[key] = function () {","                var element;","                console[key + '_original'].apply(console, arguments);","                element = document.querySelector('#outputTextareaStdout1');","                if (!element) {","                    return;","                }","                // append text to #outputTextareaStdout1","                element.value += Array.from(arguments).map(function (arg) {","                    return typeof arg === 'string'","                        ? arg","                        : JSON.stringify(arg, null, 4);","                }).join(' ') + '\\n';","                // scroll textarea to bottom","                element.scrollTop = element.scrollHeight;","            };","        });","        // init event-handling","        ['change', 'click', 'keyup'].forEach(function (event) {","            Array.from(document.querySelectorAll('.on' + event)).forEach(function (element) {","                element.addEventListener(event, local.testRunBrowser);","            });","        });","        // run tests","        local.testRunBrowser();","        break;","","","","    // run node js-env code - init-test","    /* istanbul ignore next */","    case 'node':","        // init exports","        module.exports = local;","        // require builtins","        // local.assert = require('assert');","        local.buffer = require('buffer');","        local.child_process = require('child_process');","        local.cluster = require('cluster');","        local.console = require('console');","        local.constants = require('constants');","        local.crypto = require('crypto');","        local.dgram = require('dgram');","        local.dns = require('dns');","        local.domain = require('domain');","        local.events = require('events');","        local.fs = require('fs');","        local.http = require('http');","        local.https = require('https');","        local.module = require('module');","        local.net = require('net');","        local.os = require('os');","        local.path = require('path');","        local.process = require('process');","        local.punycode = require('punycode');","        local.querystring = require('querystring');","        local.readline = require('readline');","        local.repl = require('repl');","        local.stream = require('stream');","        local.string_decoder = require('string_decoder');","        local.timers = require('timers');","        local.tls = require('tls');","        local.tty = require('tty');","        local.url = require('url');","        local.util = require('util');","        local.v8 = require('v8');","        local.vm = require('vm');","        local.zlib = require('zlib');","        /* validateLineSortedReset */","        // init assets","        local.assetsDict = local.assetsDict || {};","        [","            'assets.index.template.html',","            'assets.swgg.swagger.json',","            'assets.swgg.swagger.server.json'","        ].forEach(function (file) {","            file = '/' + file;","            local.assetsDict[file] = local.assetsDict[file] || '';","            if (local.fs.existsSync(local.__dirname + file)) {","                local.assetsDict[file] = local.fs.readFileSync(","                    local.__dirname + file,","                    'utf8'","                );","            }","        });","        /* jslint-ignore-begin */","        local.assetsDict['/assets.index.template.html'] = '\\","<!doctype html>\\n\\","<html lang=\"en\">\\n\\","<head>\\n\\","<meta charset=\"UTF-8\">\\n\\","<meta name=\"viewport\" content=\"width=device-width, initial-scale=1\">\\n\\","<!-- \"assets.utility2.template.html\" -->\\n\\","<title>{{env.npm_package_name}} ({{env.npm_package_version}})</title>\\n\\","<style>\\n\\","/* jslint-utility2 */\\n\\","/*csslint\\n\\","*/\\n\\","/* jslint-ignore-begin */\\n\\","*,\\n\\","*:after,\\n\\","*:before {\\n\\","    box-sizing: border-box;\\n\\","}\\n\\","/* jslint-ignore-end */\\n\\","@keyframes uiAnimateShake {\\n\\","    0%, 50% {\\n\\","        transform: translateX(10px);\\n\\","    }\\n\\","    25%, 75% {\\n\\","        transform: translateX(-10px);\\n\\","    }\\n\\","    100% {\\n\\","        transform: translateX(0);\\n\\","    }\\n\\","}\\n\\","@keyframes uiAnimateSpin {\\n\\","    0% {\\n\\","        transform: rotate(0deg);\\n\\","    }\\n\\","    100% {\\n\\","        transform: rotate(360deg);\\n\\","    }\\n\\","}\\n\\","a {\\n\\","    overflow-wrap: break-word;\\n\\","}\\n\\","body {\\n\\","    background: #eef;\\n\\","    font-family: Arial, Helvetica, sans-serif;\\n\\","    margin: 0 40px;\\n\\","}\\n\\","body > div,\\n\\","body > pre,\\n\\","body > textarea,\\n\\","body > .button {\\n\\","    margin-bottom: 20px;\\n\\","}\\n\\","body > textarea {\\n\\","    height: 10rem;\\n\\","    width: 100%;\\n\\","}\\n\\","body > textarea[readonly] {\\n\\","    background: #ddd;\\n\\","}\\n\\","body > .button {\\n\\","    width: 20rem;\\n\\","}\\n\\","code,\\n\\","pre,\\n\\","textarea {\\n\\","    font-family: Consolas, Menlo, monospace;\\n\\","    font-size: small;\\n\\","}\\n\\","pre {\\n\\","    overflow-wrap: break-word;\\n\\","    white-space: pre-wrap;\\n\\","}\\n\\","textarea {\\n\\","    overflow: auto;\\n\\","    white-space: pre;\\n\\","}\\n\\",".button {\\n\\","    background-color: #fff;\\n\\","    border: 1px solid;\\n\\","    border-bottom-color: rgb(186, 186, 186);\\n\\","    border-left-color: rgb(209, 209, 209);\\n\\","    border-radius: 4px;\\n\\","    border-right-color: rgb(209, 209, 209);\\n\\","    border-top-color: rgb(216, 216, 216);\\n\\","    color: #00d;\\n\\","    cursor: pointer;\\n\\","    display: inline-block;\\n\\","    font-family: Arial, Helvetica, sans-serif;\\n\\","    font-size: 12px;\\n\\","    font-style: normal;\\n\\","    font-weight: normal;\\n\\","    margin: 0;\\n\\","    padding: 2px 7px 3px 7px;\\n\\","    text-align: center;\\n\\","    text-decoration: underline;\\n\\","}\\n\\",".colorError {\\n\\","    color: #d00;\\n\\","}\\n\\",".uiAnimateShake {\\n\\","    animation-duration: 500ms;\\n\\","    animation-name: uiAnimateShake;\\n\\","}\\n\\",".uiAnimateSlide {\\n\\","    overflow-y: hidden;\\n\\","    transition: max-height ease-in 250ms, min-height ease-in 250ms, padding-bottom ease-in 250ms, padding-top ease-in 250ms;\\n\\","}\\n\\",".utility2FooterDiv {\\n\\","    text-align: center;\\n\\","}\\n\\",".zeroPixel {\\n\\","    border: 0;\\n\\","    height: 0;\\n\\","    margin: 0;\\n\\","    padding: 0;\\n\\","    width: 0;\\n\\","}\\n\\","</style>\\n\\","</head>\\n\\","<body>\\n\\","<div id=\"ajaxProgressDiv1\" style=\"background: #d00; height: 2px; left: 0; margin: 0; padding: 0; position: fixed; top: 0; transition: background 500ms, width 1500ms; width: 0%; z-index: 1;\"></div>\\n\\","<div class=\"uiAnimateSpin\" style=\"animation: uiAnimateSpin 2s linear infinite; border: 5px solid #999; border-radius: 50%; border-top: 5px solid #7d7; display: none; height: 25px; vertical-align: middle; width: 25px;\"></div>\\n\\","<code style=\"display: none;\"></code><div class=\"button colorError uiAnimateShake uiAnimateSlide utility2FooterDiv zeroPixel\" style=\"display: none;\"></div><pre style=\"display: none;\"></pre><textarea readonly style=\"display: none;\"></textarea>\\n\\","<script>\\n\\","/* jslint-utility2 */\\n\\","/*jslint\\n\\","    bitwise: true,\\n\\","    browser: true,\\n\\","    maxerr: 4,\\n\\","    maxlen: 100,\\n\\","    node: true,\\n\\","    nomen: true,\\n\\","    regexp: true,\\n\\","    stupid: true\\n\\","*/\\n\\","// init timerIntervalAjaxProgressUpdate\\n\\","(function () {\\n\\","/*\\n\\"," * this function will increment the ajax-progress-bar until the webpage has loaded\\n\\"," */\\n\\","    \"use strict\";\\n\\","    var ajaxProgressDiv1,\\n\\","        ajaxProgressState,\\n\\","        ajaxProgressUpdate;\\n\\","    if (window.timerIntervalAjaxProgressUpdate) {\\n\\","        return;\\n\\","    }\\n\\","    ajaxProgressDiv1 = document.querySelector(\"#ajaxProgressDiv1\");\\n\\","    setTimeout(function () {\\n\\","        ajaxProgressDiv1.style.width = \"25%\";\\n\\","    });\\n\\","    ajaxProgressState = 0;\\n\\","    ajaxProgressUpdate = (window.local &&\\n\\","        window.local.ajaxProgressUpdate) || function () {\\n\\","        ajaxProgressDiv1.style.width = \"100%\";\\n\\","        setTimeout(function () {\\n\\","            ajaxProgressDiv1.style.background = \"transparent\";\\n\\","            setTimeout(function () {\\n\\","                ajaxProgressDiv1.style.width = \"0%\";\\n\\","            }, 500);\\n\\","        }, 1500);\\n\\","    };\\n\\","    window.timerIntervalAjaxProgressUpdate = setInterval(function () {\\n\\","        ajaxProgressState += 1;\\n\\","        ajaxProgressDiv1.style.width = Math.max(\\n\\","            100 - 75 * Math.exp(-0.125 * ajaxProgressState),\\n\\","            ajaxProgressDiv1.style.width.slice(0, -1) | 0\\n\\","        ) + \"%\";\\n\\","    }, 1000);\\n\\","    window.addEventListener(\"load\", function () {\\n\\","        clearInterval(window.timerIntervalAjaxProgressUpdate);\\n\\","        ajaxProgressUpdate();\\n\\","    });\\n\\","}());\\n\\","// init domOnEventSelectAllWithinPre\\n\\","(function () {\\n\\","/*\\n\\"," * this function will limit select-all within <pre tabIndex=\"0\"> elements\\n\\"," * https://stackoverflow.com/questions/985272/selecting-text-in-an-element-akin-to-highlighting-with-your-mouse\\n\\"," */\\n\\","    \"use strict\";\\n\\","    if (window.domOnEventSelectAllWithinPre) {\\n\\","        return;\\n\\","    }\\n\\","    window.domOnEventSelectAllWithinPre = function (event) {\\n\\","        var range, selection;\\n\\","        if (event &&\\n\\","                event.code === \"KeyA\" &&\\n\\","                (event.ctrlKey || event.metaKey) &&\\n\\","                event.target.closest(\"pre\")) {\\n\\","            range = document.createRange();\\n\\","            range.selectNodeContents(event.target.closest(\"pre\"));\\n\\","            selection = window.getSelection();\\n\\","            selection.removeAllRanges();\\n\\","            selection.addRange(range);\\n\\","            event.preventDefault();\\n\\","        }\\n\\","    };\\n\\","    document.addEventListener(\"keydown\", window.domOnEventSelectAllWithinPre);\\n\\","}());\\n\\","</script>\\n\\","<h1>\\n\\","<!-- utility2-comment\\n\\","    <a\\n\\","        {{#if env.npm_package_homepage}}\\n\\","        href=\"{{env.npm_package_homepage}}\"\\n\\","        {{/if env.npm_package_homepage}}\\n\\","        target=\"_blank\"\\n\\","    >\\n\\","utility2-comment -->\\n\\","        {{env.npm_package_name}} ({{env.npm_package_version}})\\n\\","<!-- utility2-comment\\n\\","    </a>\\n\\","utility2-comment -->\\n\\","</h1>\\n\\","<h3>{{env.npm_package_description}}</h3>\\n\\","<!-- utility2-comment\\n\\","<a class=\"button\" download href=\"assets.app.js\">download standalone app</a><br>\\n\\","<button class=\"button onclick onreset\" id=\"testRunButton1\">run internal test</button><br>\\n\\","<div class=\"uiAnimateSlide\" id=\"testReportDiv1\" style=\"border-bottom: 0; border-top: 0; margin-bottom: 0; margin-top: 0; max-height: 0; padding-bottom: 0; padding-top: 0;\"></div>\\n\\","utility2-comment -->\\n\\","\\n\\","\\n\\","\\n\\","<label>stderr and stdout</label>\\n\\","<textarea class=\"resettable\" id=\"outputTextareaStdout1\" readonly></textarea>\\n\\","<!-- utility2-comment\\n\\","{{#if isRollup}}\\n\\","<script src=\"assets.app.js\"></script>\\n\\","{{#unless isRollup}}\\n\\","utility2-comment -->\\n\\","<script src=\"assets.utility2.rollup.js\"></script>\\n\\","<script>window.utility2.onResetBefore.counter += 1;</script>\\n\\","<script src=\"jsonp.utility2.stateInit?callback=window.utility2.stateInit\"></script>\\n\\","<script src=\"assets.npmtest_abbrev.js\"></script>\\n\\","<script src=\"assets.example.js\"></script>\\n\\","<script src=\"assets.test.js\"></script>\\n\\","<script>window.utility2.onResetBefore();</script>\\n\\","<!-- utility2-comment\\n\\","{{/if isRollup}}\\n\\","utility2-comment -->\\n\\","<div class=\"utility2FooterDiv\">\\n\\","    [ this app was created with\\n\\","    <a href=\"https://github.com/kaizhu256/node-utility2\" target=\"_blank\">utility2</a>\\n\\","    ]\\n\\","</div>\\n\\","</body>\\n\\","</html>\\n\\","';","        /* jslint-ignore-end */","        /* validateLineSortedReset */","        /* jslint-ignore-begin */","        // bug-workaround - long $npm_package_buildCustomOrg","        local.assetsDict['/assets.npmtest_abbrev.js'] =","            local.assetsDict['/assets.npmtest_abbrev.js'] ||","            local.fs.readFileSync(local.__dirname + '/lib.npmtest_abbrev.js', 'utf8'","        ).replace((/^#!\\//), '// ');","        /* jslint-ignore-end */","        /* validateLineSortedReset */","        local.assetsDict['/'] =","            local.assetsDict['/assets.example.html'] =","            local.assetsDict['/assets.index.template.html']","            .replace((/\\{\\{env\\.(\\w+?)\\}\\}/g), function (match0, match1) {","                switch (match1) {","                case 'npm_package_description':","                    return 'the greatest app in the world!';","                case 'npm_package_name':","                    return 'npmtest-abbrev';","                case 'npm_package_nameLib':","                    return 'npmtest_abbrev';","                case 'npm_package_version':","                    return '0.0.1';","                default:","                    return match0;","                }","            });","        // init cli","        if (module !== require.main || local.global.utility2_rollup) {","            break;","        }","        local.assetsDict['/assets.example.js'] =","            local.assetsDict['/assets.example.js'] ||","            local.fs.readFileSync(__filename, 'utf8');","        local.assetsDict['/favicon.ico'] = local.assetsDict['/favicon.ico'] || '';","        // if $npm_config_timeout_exit exists,","        // then exit this process after $npm_config_timeout_exit ms","        if (Number(process.env.npm_config_timeout_exit)) {","            setTimeout(process.exit, Number(process.env.npm_config_timeout_exit));","        }","        // start server","        if (local.global.utility2_serverHttp1) {","            break;","        }","        process.env.PORT = process.env.PORT || '8081';","        console.error('server starting on port ' + process.env.PORT);","        local.http.createServer(function (request, response) {","            request.urlParsed = local.url.parse(request.url);","            if (local.assetsDict[request.urlParsed.pathname] !== undefined) {","                response.end(local.assetsDict[request.urlParsed.pathname]);","                return;","            }","            response.statusCode = 404;","            response.end();","        }).listen(process.env.PORT);","        break;","    }","}());",""],"l":{"28":2,"30":2,"35":2,"37":2,"39":2,"40":2,"41":2,"46":2,"49":2,"53":2,"57":2,"59":2,"66":1,"67":2,"73":2,"76":2,"79":2,"80":2,"82":1,"86":2,"89":1,"90":1,"91":1,"92":1,"93":1,"96":1,"97":1,"99":1,"102":1,"104":2,"110":1,"112":1,"114":1,"119":1,"120":2,"121":2,"122":20,"123":20,"124":20,"125":20,"126":1,"129":20,"130":20,"135":20,"139":1,"140":3,"141":1,"145":1,"146":1,"154":1,"157":1,"158":1,"159":1,"160":1,"161":1,"162":1,"163":1,"164":1,"165":1,"166":1,"167":1,"168":1,"169":1,"170":1,"171":1,"172":1,"173":1,"174":1,"175":1,"176":1,"177":1,"178":1,"179":1,"180":1,"181":1,"182":1,"183":1,"184":1,"185":1,"186":1,"187":1,"188":1,"191":1,"192":1,"197":3,"198":3,"199":3,"200":1,"207":1,"460":1,"466":1,"470":6,"472":1,"474":2,"476":1,"478":2,"480":1,"484":1,"485":1,"487":1,"490":1,"493":1,"494":1,"497":1,"498":1,"500":1,"501":1,"502":1,"503":1,"504":1,"505":1,"506":1,"508":1,"509":1,"511":1}},"/home/travis/build/npmtest/node-npmtest-abbrev/node_modules/abbrev/abbrev.js":{"path":"/home/travis/build/npmtest/node-npmtest-abbrev/node_modules/abbrev/abbrev.js","s":{"1":1,"2":1,"3":1,"4":0,"5":0,"6":0,"7":0,"8":1,"9":0,"10":0,"11":0,"12":0,"13":0,"14":0,"15":0,"16":0,"17":0,"18":0,"19":0,"20":0,"21":0,"22":0,"23":0,"24":0,"25":0,"26":0,"27":0,"28":0,"29":0,"30":0,"31":0,"32":0,"33":0,"34":1,"35":0},"b":{"1":[0,0],"2":[0,0],"3":[0,0],"4":[0,0],"5":[0,0],"6":[0,0],"7":[0,0],"8":[0,0],"9":[0,0],"10":[0,0],"11":[0,0],"12":[0,0]},"f":{"1":0,"2":0,"3":0,"4":0,"5":0},"fnMap":{"1":{"name":"monkeyPatch","line":5,"loc":{"start":{"line":5,"column":0},"end":{"line":5,"column":24}}},"2":{"name":"(anonymous_2)","line":7,"loc":{"start":{"line":7,"column":11},"end":{"line":7,"column":23}}},"3":{"name":"(anonymous_3)","line":12,"loc":{"start":{"line":12,"column":11},"end":{"line":12,"column":23}}},"4":{"name":"abbrev","line":17,"loc":{"start":{"line":17,"column":0},"end":{"line":17,"column":23}}},"5":{"name":"lexSort","line":59,"loc":{"start":{"line":59,"column":0},"end":{"line":59,"column":24}}}},"statementMap":{"1":{"start":{"line":1,"column":0},"end":{"line":1,"column":49}},"2":{"start":{"line":3,"column":0},"end":{"line":3,"column":32}},"3":{"start":{"line":5,"column":0},"end":{"line":15,"column":1}},"4":{"start":{"line":6,"column":2},"end":{"line":9,"column":4}},"5":{"start":{"line":7,"column":25},"end":{"line":7,"column":45}},"6":{"start":{"line":11,"column":2},"end":{"line":14,"column":4}},"7":{"start":{"line":12,"column":25},"end":{"line":12,"column":58}},"8":{"start":{"line":17,"column":0},"end":{"line":57,"column":1}},"9":{"start":{"line":18,"column":2},"end":{"line":20,"column":3}},"10":{"start":{"line":19,"column":4},"end":{"line":19,"column":51}},"11":{"start":{"line":21,"column":2},"end":{"line":23,"column":3}},"12":{"start":{"line":22,"column":4},"end":{"line":22,"column":69}},"13":{"start":{"line":26,"column":2},"end":{"line":26,"column":27}},"14":{"start":{"line":29,"column":2},"end":{"line":30,"column":15}},"15":{"start":{"line":31,"column":2},"end":{"line":55,"column":3}},"16":{"start":{"line":32,"column":4},"end":{"line":35,"column":26}},"17":{"start":{"line":36,"column":4},"end":{"line":36,"column":34}},"18":{"start":{"line":36,"column":26},"end":{"line":36,"column":34}},"19":{"start":{"line":37,"column":4},"end":{"line":45,"column":5}},"20":{"start":{"line":38,"column":6},"end":{"line":38,"column":37}},"21":{"start":{"line":39,"column":6},"end":{"line":39,"column":61}},"22":{"start":{"line":40,"column":6},"end":{"line":40,"column":61}},"23":{"start":{"line":41,"column":6},"end":{"line":44,"column":7}},"24":{"start":{"line":42,"column":8},"end":{"line":42,"column":12}},"25":{"start":{"line":43,"column":8},"end":{"line":43,"column":13}},"26":{"start":{"line":46,"column":4},"end":{"line":46,"column":18}},"27":{"start":{"line":47,"column":4},"end":{"line":50,"column":5}},"28":{"start":{"line":48,"column":6},"end":{"line":48,"column":32}},"29":{"start":{"line":49,"column":6},"end":{"line":49,"column":14}},"30":{"start":{"line":51,"column":4},"end":{"line":54,"column":5}},"31":{"start":{"line":52,"column":6},"end":{"line":52,"column":26}},"32":{"start":{"line":53,"column":6},"end":{"line":53,"column":28}},"33":{"start":{"line":56,"column":2},"end":{"line":56,"column":16}},"34":{"start":{"line":59,"column":0},"end":{"line":61,"column":1}},"35":{"start":{"line":60,"column":2},"end":{"line":60,"column":37}}},"branchMap":{"1":{"line":18,"type":"if","locations":[{"start":{"line":18,"column":2},"end":{"line":18,"column":2}},{"start":{"line":18,"column":2},"end":{"line":18,"column":2}}]},"2":{"line":18,"type":"binary-expr","locations":[{"start":{"line":18,"column":6},"end":{"line":18,"column":28}},{"start":{"line":18,"column":32},"end":{"line":18,"column":52}}]},"3":{"line":22,"type":"cond-expr","locations":[{"start":{"line":22,"column":44},"end":{"line":22,"column":51}},{"start":{"line":22,"column":54},"end":{"line":22,"column":69}}]},"4":{"line":33,"type":"binary-expr","locations":[{"start":{"line":33,"column":15},"end":{"line":33,"column":26}},{"start":{"line":33,"column":30},"end":{"line":33,"column":32}}]},"5":{"line":36,"type":"if","locations":[{"start":{"line":36,"column":4},"end":{"line":36,"column":4}},{"start":{"line":36,"column":4},"end":{"line":36,"column":4}}]},"6":{"line":39,"type":"binary-expr","locations":[{"start":{"line":39,"column":20},"end":{"line":39,"column":31}},{"start":{"line":39,"column":35},"end":{"line":39,"column":61}}]},"7":{"line":40,"type":"binary-expr","locations":[{"start":{"line":40,"column":20},"end":{"line":40,"column":31}},{"start":{"line":40,"column":35},"end":{"line":40,"column":61}}]},"8":{"line":41,"type":"if","locations":[{"start":{"line":41,"column":6},"end":{"line":41,"column":6}},{"start":{"line":41,"column":6},"end":{"line":41,"column":6}}]},"9":{"line":41,"type":"binary-expr","locations":[{"start":{"line":41,"column":10},"end":{"line":41,"column":22}},{"start":{"line":41,"column":26},"end":{"line":41,"column":38}}]},"10":{"line":47,"type":"if","locations":[{"start":{"line":47,"column":4},"end":{"line":47,"column":4}},{"start":{"line":47,"column":4},"end":{"line":47,"column":4}}]},"11":{"line":60,"type":"cond-expr","locations":[{"start":{"line":60,"column":19},"end":{"line":60,"column":20}},{"start":{"line":60,"column":23},"end":{"line":60,"column":37}}]},"12":{"line":60,"type":"cond-expr","locations":[{"start":{"line":60,"column":31},"end":{"line":60,"column":32}},{"start":{"line":60,"column":35},"end":{"line":60,"column":37}}]}},"code":["module.exports = exports = abbrev.abbrev = abbrev","","abbrev.monkeyPatch = monkeyPatch","","function monkeyPatch () {","  Object.defineProperty(Array.prototype, 'abbrev', {","    value: function () { return abbrev(this) },","    enumerable: false, configurable: true, writable: true","  })","","  Object.defineProperty(Object.prototype, 'abbrev', {","    value: function () { return abbrev(Object.keys(this)) },","    enumerable: false, configurable: true, writable: true","  })","}","","function abbrev (list) {","  if (arguments.length !== 1 || !Array.isArray(list)) {","    list = Array.prototype.slice.call(arguments, 0)","  }","  for (var i = 0, l = list.length, args = [] ; i < l ; i ++) {","    args[i] = typeof list[i] === \"string\" ? list[i] : String(list[i])","  }","","  // sort them lexicographically, so that they're next to their nearest kin","  args = args.sort(lexSort)","","  // walk through each, seeing how much it has in common with the next and previous","  var abbrevs = {}","    , prev = \"\"","  for (var i = 0, l = args.length ; i < l ; i ++) {","    var current = args[i]","      , next = args[i + 1] || \"\"","      , nextMatches = true","      , prevMatches = true","    if (current === next) continue","    for (var j = 0, cl = current.length ; j < cl ; j ++) {","      var curChar = current.charAt(j)","      nextMatches = nextMatches && curChar === next.charAt(j)","      prevMatches = prevMatches && curChar === prev.charAt(j)","      if (!nextMatches && !prevMatches) {","        j ++","        break","      }","    }","    prev = current","    if (j === cl) {","      abbrevs[current] = current","      continue","    }","    for (var a = current.substr(0, j) ; j <= cl ; j ++) {","      abbrevs[a] = current","      a += current.charAt(j)","    }","  }","  return abbrevs","}","","function lexSort (a, b) {","  return a === b ? 0 : a > b ? 1 : -1","}",""],"l":{"1":1,"3":1,"5":1,"6":0,"7":0,"11":0,"12":0,"17":1,"18":0,"19":0,"21":0,"22":0,"26":0,"29":0,"31":0,"32":0,"36":0,"37":0,"38":0,"39":0,"40":0,"41":0,"42":0,"43":0,"46":0,"47":0,"48":0,"49":0,"51":0,"52":0,"53":0,"56":0,"59":1,"60":0}}}